<?xml version="1.0" encoding="UTF-8"?>
<!-- Generated by org.testng.reporters.JUnitReportReporter -->
<testsuite hostname="Vikrams-MacBook-Air.local" failures="0" tests="1" name="stepdefinations.RunnerTest" time="0.029" errors="0" timestamp="2024-08-15T13:12:06 IST" skipped="0">
  <testcase classname="stepdefinations.RunnerTest" name="runScenario" time="0.029"/>
  <system-out/>
</testsuite> <!-- stepdefinations.RunnerTest -->
