<?xml version="1.0" encoding="UTF-8"?>
<!-- Generated by org.testng.reporters.JUnitReportReporter -->
<testsuite hostname="Vikrams-MacBook-Air.local" failures="0" tests="1" name="stepdefinations.RunnerClass" time="0.122" errors="0" timestamp="2024-08-15T13:00:48 IST" skipped="0">
  <testcase classname="stepdefinations.RunnerClass" name="runScenario" time="0.122"/>
  <system-out/>
</testsuite> <!-- stepdefinations.RunnerClass -->
